Determining if the pthread_create exist failed with the following output:
Change Dir: /home/wrs/wrs2018/wrs_ws/build/CMakeFiles/CMakeTmp

Run Build Command:"/usr/bin/make" "cmTC_f51e4/fast"
/usr/bin/make -f CMakeFiles/cmTC_f51e4.dir/build.make CMakeFiles/cmTC_f51e4.dir/build
make[1]: Entering directory '/home/wrs/wrs2018/wrs_ws/build/CMakeFiles/CMakeTmp'
Building C object CMakeFiles/cmTC_f51e4.dir/CheckSymbolExists.c.o
/usr/bin/cc     -o CMakeFiles/cmTC_f51e4.dir/CheckSymbolExists.c.o   -c /home/wrs/wrs2018/wrs_ws/build/CMakeFiles/CMakeTmp/CheckSymbolExists.c
Linking C executable cmTC_f51e4
/usr/bin/cmake -E cmake_link_script CMakeFiles/cmTC_f51e4.dir/link.txt --verbose=1
/usr/bin/cc       CMakeFiles/cmTC_f51e4.dir/CheckSymbolExists.c.o  -o cmTC_f51e4 -rdynamic 
CMakeFiles/cmTC_f51e4.dir/CheckSymbolExists.c.o: In function `main':
CheckSymbolExists.c:(.text+0x16): undefined reference to `pthread_create'
collect2: error: ld returned 1 exit status
CMakeFiles/cmTC_f51e4.dir/build.make:97: recipe for target 'cmTC_f51e4' failed
make[1]: *** [cmTC_f51e4] Error 1
make[1]: Leaving directory '/home/wrs/wrs2018/wrs_ws/build/CMakeFiles/CMakeTmp'
Makefile:126: recipe for target 'cmTC_f51e4/fast' failed
make: *** [cmTC_f51e4/fast] Error 2

File /home/wrs/wrs2018/wrs_ws/build/CMakeFiles/CMakeTmp/CheckSymbolExists.c:
/* */
#include <pthread.h>

int main(int argc, char** argv)
{
  (void)argv;
#ifndef pthread_create
  return ((int*)(&pthread_create))[argc];
#else
  (void)argc;
  return 0;
#endif
}

Determining if the function pthread_create exists in the pthreads failed with the following output:
Change Dir: /home/wrs/wrs2018/wrs_ws/build/CMakeFiles/CMakeTmp

Run Build Command:"/usr/bin/make" "cmTC_fb6a0/fast"
/usr/bin/make -f CMakeFiles/cmTC_fb6a0.dir/build.make CMakeFiles/cmTC_fb6a0.dir/build
make[1]: Entering directory '/home/wrs/wrs2018/wrs_ws/build/CMakeFiles/CMakeTmp'
Building C object CMakeFiles/cmTC_fb6a0.dir/CheckFunctionExists.c.o
/usr/bin/cc    -DCHECK_FUNCTION_EXISTS=pthread_create   -o CMakeFiles/cmTC_fb6a0.dir/CheckFunctionExists.c.o   -c /usr/share/cmake-3.5/Modules/CheckFunctionExists.c
Linking C executable cmTC_fb6a0
/usr/bin/cmake -E cmake_link_script CMakeFiles/cmTC_fb6a0.dir/link.txt --verbose=1
/usr/bin/cc   -DCHECK_FUNCTION_EXISTS=pthread_create    CMakeFiles/cmTC_fb6a0.dir/CheckFunctionExists.c.o  -o cmTC_fb6a0 -rdynamic -lpthreads 
/usr/bin/ld: cannot find -lpthreads
collect2: error: ld returned 1 exit status
CMakeFiles/cmTC_fb6a0.dir/build.make:97: recipe for target 'cmTC_fb6a0' failed
make[1]: *** [cmTC_fb6a0] Error 1
make[1]: Leaving directory '/home/wrs/wrs2018/wrs_ws/build/CMakeFiles/CMakeTmp'
Makefile:126: recipe for target 'cmTC_fb6a0/fast' failed
make: *** [cmTC_fb6a0/fast] Error 2


Determining if the Q_WS_WIN exist failed with the following output:
Change Dir: /home/wrs/wrs2018/wrs_ws/build/CMakeFiles/CMakeTmp

Run Build Command:"/usr/bin/make" "cmTC_b04c1/fast"
/usr/bin/make -f CMakeFiles/cmTC_b04c1.dir/build.make CMakeFiles/cmTC_b04c1.dir/build
make[1]: Entering directory '/home/wrs/wrs2018/wrs_ws/build/CMakeFiles/CMakeTmp'
Building CXX object CMakeFiles/cmTC_b04c1.dir/CheckSymbolExists.cxx.o
/usr/bin/c++    -I/usr/include/qt4   -o CMakeFiles/cmTC_b04c1.dir/CheckSymbolExists.cxx.o -c /home/wrs/wrs2018/wrs_ws/build/CMakeFiles/CMakeTmp/CheckSymbolExists.cxx
/home/wrs/wrs2018/wrs_ws/build/CMakeFiles/CMakeTmp/CheckSymbolExists.cxx: In function ‘int main(int, char**)’:
/home/wrs/wrs2018/wrs_ws/build/CMakeFiles/CMakeTmp/CheckSymbolExists.cxx:8:19: error: ‘Q_WS_WIN’ was not declared in this scope
   return ((int*)(&Q_WS_WIN))[argc];
                   ^
CMakeFiles/cmTC_b04c1.dir/build.make:65: recipe for target 'CMakeFiles/cmTC_b04c1.dir/CheckSymbolExists.cxx.o' failed
make[1]: *** [CMakeFiles/cmTC_b04c1.dir/CheckSymbolExists.cxx.o] Error 1
make[1]: Leaving directory '/home/wrs/wrs2018/wrs_ws/build/CMakeFiles/CMakeTmp'
Makefile:126: recipe for target 'cmTC_b04c1/fast' failed
make: *** [cmTC_b04c1/fast] Error 2

File /home/wrs/wrs2018/wrs_ws/build/CMakeFiles/CMakeTmp/CheckSymbolExists.cxx:
/* */
#include <QtCore/qglobal.h>

int main(int argc, char** argv)
{
  (void)argv;
#ifndef Q_WS_WIN
  return ((int*)(&Q_WS_WIN))[argc];
#else
  (void)argc;
  return 0;
#endif
}

Determining if the Q_WS_QWS exist failed with the following output:
Change Dir: /home/wrs/wrs2018/wrs_ws/build/CMakeFiles/CMakeTmp

Run Build Command:"/usr/bin/make" "cmTC_92aca/fast"
/usr/bin/make -f CMakeFiles/cmTC_92aca.dir/build.make CMakeFiles/cmTC_92aca.dir/build
make[1]: Entering directory '/home/wrs/wrs2018/wrs_ws/build/CMakeFiles/CMakeTmp'
Building CXX object CMakeFiles/cmTC_92aca.dir/CheckSymbolExists.cxx.o
/usr/bin/c++    -I/usr/include/qt4   -o CMakeFiles/cmTC_92aca.dir/CheckSymbolExists.cxx.o -c /home/wrs/wrs2018/wrs_ws/build/CMakeFiles/CMakeTmp/CheckSymbolExists.cxx
/home/wrs/wrs2018/wrs_ws/build/CMakeFiles/CMakeTmp/CheckSymbolExists.cxx: In function ‘int main(int, char**)’:
/home/wrs/wrs2018/wrs_ws/build/CMakeFiles/CMakeTmp/CheckSymbolExists.cxx:8:19: error: ‘Q_WS_QWS’ was not declared in this scope
   return ((int*)(&Q_WS_QWS))[argc];
                   ^
CMakeFiles/cmTC_92aca.dir/build.make:65: recipe for target 'CMakeFiles/cmTC_92aca.dir/CheckSymbolExists.cxx.o' failed
make[1]: *** [CMakeFiles/cmTC_92aca.dir/CheckSymbolExists.cxx.o] Error 1
make[1]: Leaving directory '/home/wrs/wrs2018/wrs_ws/build/CMakeFiles/CMakeTmp'
Makefile:126: recipe for target 'cmTC_92aca/fast' failed
make: *** [cmTC_92aca/fast] Error 2

File /home/wrs/wrs2018/wrs_ws/build/CMakeFiles/CMakeTmp/CheckSymbolExists.cxx:
/* */
#include <QtCore/qglobal.h>

int main(int argc, char** argv)
{
  (void)argv;
#ifndef Q_WS_QWS
  return ((int*)(&Q_WS_QWS))[argc];
#else
  (void)argc;
  return 0;
#endif
}

Determining if the Q_WS_MAC exist failed with the following output:
Change Dir: /home/wrs/wrs2018/wrs_ws/build/CMakeFiles/CMakeTmp

Run Build Command:"/usr/bin/make" "cmTC_b2945/fast"
/usr/bin/make -f CMakeFiles/cmTC_b2945.dir/build.make CMakeFiles/cmTC_b2945.dir/build
make[1]: Entering directory '/home/wrs/wrs2018/wrs_ws/build/CMakeFiles/CMakeTmp'
Building CXX object CMakeFiles/cmTC_b2945.dir/CheckSymbolExists.cxx.o
/usr/bin/c++    -I/usr/include/qt4   -o CMakeFiles/cmTC_b2945.dir/CheckSymbolExists.cxx.o -c /home/wrs/wrs2018/wrs_ws/build/CMakeFiles/CMakeTmp/CheckSymbolExists.cxx
/home/wrs/wrs2018/wrs_ws/build/CMakeFiles/CMakeTmp/CheckSymbolExists.cxx: In function ‘int main(int, char**)’:
/home/wrs/wrs2018/wrs_ws/build/CMakeFiles/CMakeTmp/CheckSymbolExists.cxx:8:19: error: ‘Q_WS_MAC’ was not declared in this scope
   return ((int*)(&Q_WS_MAC))[argc];
                   ^
CMakeFiles/cmTC_b2945.dir/build.make:65: recipe for target 'CMakeFiles/cmTC_b2945.dir/CheckSymbolExists.cxx.o' failed
make[1]: *** [CMakeFiles/cmTC_b2945.dir/CheckSymbolExists.cxx.o] Error 1
make[1]: Leaving directory '/home/wrs/wrs2018/wrs_ws/build/CMakeFiles/CMakeTmp'
Makefile:126: recipe for target 'cmTC_b2945/fast' failed
make: *** [cmTC_b2945/fast] Error 2

File /home/wrs/wrs2018/wrs_ws/build/CMakeFiles/CMakeTmp/CheckSymbolExists.cxx:
/* */
#include <QtCore/qglobal.h>

int main(int argc, char** argv)
{
  (void)argv;
#ifndef Q_WS_MAC
  return ((int*)(&Q_WS_MAC))[argc];
#else
  (void)argc;
  return 0;
#endif
}

